2022-04-02 17:45:52,239 - [line:32] - INFO: Model: UNet3D(
  (encoders): ModuleList(
    (0): Encoder(
      (basic_module): DoubleConv(
        (SingleConv1): SingleConv(
          (batchnorm): BatchNorm3d(1, eps=1e-05, momentum=0.1, affine=True, track_running_stats=True)
          (conv): Conv3d(1, 2, kernel_size=(3, 3, 3), stride=(1, 1, 1), padding=(1, 1, 1), bias=False)
          (ReLU): ReLU(inplace=True)
        )
        (SingleConv2): SingleConv(
          (batchnorm): BatchNorm3d(2, eps=1e-05, momentum=0.1, affine=True, track_running_stats=True)
          (conv): Conv3d(2, 4, kernel_size=(3, 3, 3), stride=(1, 1, 1), padding=(1, 1, 1), bias=False)
          (ReLU): ReLU(inplace=True)
        )
      )
    )
    (1): Encoder(
      (pooling): MaxPool3d(kernel_size=2, stride=2, padding=0, dilation=1, ceil_mode=False)
      (basic_module): DoubleConv(
        (SingleConv1): SingleConv(
          (batchnorm): BatchNorm3d(4, eps=1e-05, momentum=0.1, affine=True, track_running_stats=True)
          (conv): Conv3d(4, 4, kernel_size=(3, 3, 3), stride=(1, 1, 1), padding=(1, 1, 1), bias=False)
          (ReLU): ReLU(inplace=True)
        )
        (SingleConv2): SingleConv(
          (batchnorm): BatchNorm3d(4, eps=1e-05, momentum=0.1, affine=True, track_running_stats=True)
          (conv): Conv3d(4, 8, kernel_size=(3, 3, 3), stride=(1, 1, 1), padding=(1, 1, 1), bias=False)
          (ReLU): ReLU(inplace=True)
        )
      )
    )
  )
  (decoders): ModuleList(
    (0): Decoder(
      (upsampling): InterpolateUpsampling()
      (basic_module): DoubleConv(
        (SingleConv1): SingleConv(
          (batchnorm): BatchNorm3d(12, eps=1e-05, momentum=0.1, affine=True, track_running_stats=True)
          (conv): Conv3d(12, 4, kernel_size=(3, 3, 3), stride=(1, 1, 1), padding=(1, 1, 1), bias=False)
          (ReLU): ReLU(inplace=True)
        )
        (SingleConv2): SingleConv(
          (batchnorm): BatchNorm3d(4, eps=1e-05, momentum=0.1, affine=True, track_running_stats=True)
          (conv): Conv3d(4, 4, kernel_size=(3, 3, 3), stride=(1, 1, 1), padding=(1, 1, 1), bias=False)
          (ReLU): ReLU(inplace=True)
        )
      )
    )
  )
  (final_conv): Conv3d(4, 1, kernel_size=(1, 1, 1), stride=(1, 1, 1))
  (final_activation): Sigmoid()
)
2022-04-02 17:45:52,240 - [line:32] - INFO: optimizer: Adam (
Parameter Group 0
    amsgrad: False
    betas: (0.9, 0.999)
    eps: 1e-08
    initial_lr: 0.001
    lr: 0.001
    weight_decay: 0
)
2022-04-02 17:45:52,240 - [line:32] - INFO: loss: BCELoss()
2022-04-02 17:45:52,240 - [line:32] - INFO: ####################
2022-04-02 17:45:52,240 - [line:32] - INFO:                     
2022-04-02 17:45:52,240 - [line:32] - INFO: ------------begin training--------------
2022-04-02 17:45:52,240 - [line:32] - INFO: epoch: 0
2022-04-02 17:58:24,419 - [line:32] - INFO: Model: UNet3D(
  (encoders): ModuleList(
    (0): Encoder(
      (basic_module): DoubleConv(
        (SingleConv1): SingleConv(
          (batchnorm): BatchNorm3d(1, eps=1e-05, momentum=0.1, affine=True, track_running_stats=True)
          (conv): Conv3d(1, 2, kernel_size=(3, 3, 3), stride=(1, 1, 1), padding=(1, 1, 1), bias=False)
          (ReLU): ReLU(inplace=True)
        )
        (SingleConv2): SingleConv(
          (batchnorm): BatchNorm3d(2, eps=1e-05, momentum=0.1, affine=True, track_running_stats=True)
          (conv): Conv3d(2, 4, kernel_size=(3, 3, 3), stride=(1, 1, 1), padding=(1, 1, 1), bias=False)
          (ReLU): ReLU(inplace=True)
        )
      )
    )
    (1): Encoder(
      (pooling): MaxPool3d(kernel_size=2, stride=2, padding=0, dilation=1, ceil_mode=False)
      (basic_module): DoubleConv(
        (SingleConv1): SingleConv(
          (batchnorm): BatchNorm3d(4, eps=1e-05, momentum=0.1, affine=True, track_running_stats=True)
          (conv): Conv3d(4, 4, kernel_size=(3, 3, 3), stride=(1, 1, 1), padding=(1, 1, 1), bias=False)
          (ReLU): ReLU(inplace=True)
        )
        (SingleConv2): SingleConv(
          (batchnorm): BatchNorm3d(4, eps=1e-05, momentum=0.1, affine=True, track_running_stats=True)
          (conv): Conv3d(4, 8, kernel_size=(3, 3, 3), stride=(1, 1, 1), padding=(1, 1, 1), bias=False)
          (ReLU): ReLU(inplace=True)
        )
      )
    )
  )
  (decoders): ModuleList(
    (0): Decoder(
      (upsampling): InterpolateUpsampling()
      (basic_module): DoubleConv(
        (SingleConv1): SingleConv(
          (batchnorm): BatchNorm3d(12, eps=1e-05, momentum=0.1, affine=True, track_running_stats=True)
          (conv): Conv3d(12, 4, kernel_size=(3, 3, 3), stride=(1, 1, 1), padding=(1, 1, 1), bias=False)
          (ReLU): ReLU(inplace=True)
        )
        (SingleConv2): SingleConv(
          (batchnorm): BatchNorm3d(4, eps=1e-05, momentum=0.1, affine=True, track_running_stats=True)
          (conv): Conv3d(4, 4, kernel_size=(3, 3, 3), stride=(1, 1, 1), padding=(1, 1, 1), bias=False)
          (ReLU): ReLU(inplace=True)
        )
      )
    )
  )
  (final_conv): Conv3d(4, 1, kernel_size=(1, 1, 1), stride=(1, 1, 1))
  (final_activation): Sigmoid()
)
2022-04-02 17:58:24,420 - [line:32] - INFO: optimizer: Adam (
Parameter Group 0
    amsgrad: False
    betas: (0.9, 0.999)
    eps: 1e-08
    initial_lr: 0.001
    lr: 0.001
    weight_decay: 0
)
2022-04-02 17:58:24,420 - [line:32] - INFO: loss: BCEWithLogitsLoss()
2022-04-02 17:58:24,420 - [line:32] - INFO: ####################
2022-04-02 17:58:24,420 - [line:32] - INFO:                     
2022-04-02 17:58:24,420 - [line:32] - INFO: ------------begin training--------------
2022-04-02 17:58:24,420 - [line:32] - INFO: epoch: 0
2022-04-02 17:58:26,577 - [line:32] - INFO: epoch: 0, lr: [0.001], 1.67%, loss: 0.9386559128761292
2022-04-02 17:58:31,364 - [line:32] - INFO: epoch: 0, lr: [0.001], 3.33%, loss: 0.8581939339637756
2022-04-02 17:58:37,864 - [line:32] - INFO: epoch: 0, lr: [0.001], 5.00%, loss: 0.831951379776001
2022-04-02 17:58:43,421 - [line:32] - INFO: epoch: 0, lr: [0.001], 6.67%, loss: 0.8549439907073975
2022-04-02 17:58:47,790 - [line:32] - INFO: epoch: 0, lr: [0.001], 8.33%, loss: 0.8491735458374023
2022-04-02 17:58:53,332 - [line:32] - INFO: epoch: 0, lr: [0.001], 10.00%, loss: 0.8307532072067261
2022-04-02 17:58:59,337 - [line:32] - INFO: epoch: 0, lr: [0.001], 11.67%, loss: 0.8087580800056458
2022-04-02 17:59:05,688 - [line:32] - INFO: epoch: 0, lr: [0.001], 13.33%, loss: 0.8024576306343079
2022-04-02 17:59:12,512 - [line:32] - INFO: epoch: 0, lr: [0.001], 15.00%, loss: 0.7380786538124084
2022-04-02 17:59:18,903 - [line:32] - INFO: epoch: 0, lr: [0.001], 16.67%, loss: 0.7306581735610962
2022-04-02 17:59:23,546 - [line:32] - INFO: epoch: 0, lr: [0.001], 18.33%, loss: 0.716749370098114
2022-04-02 17:59:27,449 - [line:32] - INFO: epoch: 0, lr: [0.001], 20.00%, loss: 0.7051240801811218
2022-04-02 17:59:31,492 - [line:32] - INFO: epoch: 0, lr: [0.001], 21.67%, loss: 0.7293581366539001
2022-04-02 17:59:35,647 - [line:32] - INFO: epoch: 0, lr: [0.001], 23.33%, loss: 0.6860473155975342
2022-04-02 17:59:39,787 - [line:32] - INFO: epoch: 0, lr: [0.001], 25.00%, loss: 0.6791315078735352
2022-04-02 17:59:43,786 - [line:32] - INFO: epoch: 0, lr: [0.001], 26.67%, loss: 0.6719221472740173
2022-04-02 17:59:48,544 - [line:32] - INFO: epoch: 0, lr: [0.001], 28.33%, loss: 0.668454647064209
2022-04-02 17:59:53,993 - [line:32] - INFO: epoch: 0, lr: [0.001], 30.00%, loss: 0.6552152633666992
2022-04-02 17:59:59,316 - [line:32] - INFO: epoch: 0, lr: [0.001], 31.67%, loss: 0.6432982683181763
2022-04-02 18:00:05,527 - [line:32] - INFO: epoch: 0, lr: [0.001], 33.33%, loss: 0.6317258477210999
2022-04-02 18:00:10,009 - [line:32] - INFO: epoch: 0, lr: [0.001], 35.00%, loss: 0.6233154535293579
2022-04-02 18:00:15,492 - [line:32] - INFO: epoch: 0, lr: [0.001], 36.67%, loss: 0.6599245667457581
2022-04-02 18:00:20,963 - [line:32] - INFO: epoch: 0, lr: [0.001], 38.33%, loss: 0.6041845083236694
2022-04-02 18:00:25,688 - [line:32] - INFO: epoch: 0, lr: [0.001], 40.00%, loss: 0.5941962003707886
2022-04-02 18:00:30,706 - [line:32] - INFO: epoch: 0, lr: [0.001], 41.67%, loss: 0.5884372591972351
2022-04-02 18:00:34,778 - [line:32] - INFO: epoch: 0, lr: [0.001], 43.33%, loss: 0.5763518214225769
2022-04-02 18:00:38,848 - [line:32] - INFO: epoch: 0, lr: [0.001], 45.00%, loss: 0.5698679089546204
2022-04-02 18:00:43,550 - [line:32] - INFO: epoch: 0, lr: [0.001], 46.67%, loss: 0.553082287311554
2022-04-02 18:00:49,347 - [line:32] - INFO: epoch: 0, lr: [0.001], 48.33%, loss: 0.5563368201255798
2022-04-02 18:00:53,840 - [line:32] - INFO: epoch: 0, lr: [0.001], 50.00%, loss: 0.5373430848121643
2022-04-02 18:00:59,208 - [line:32] - INFO: epoch: 0, lr: [0.001], 51.67%, loss: 0.5239319205284119
2022-04-02 18:01:04,700 - [line:32] - INFO: epoch: 0, lr: [0.001], 53.33%, loss: 0.5090823769569397
2022-04-02 18:01:08,843 - [line:32] - INFO: epoch: 0, lr: [0.001], 55.00%, loss: 0.5034700036048889
2022-04-02 18:01:13,362 - [line:32] - INFO: epoch: 0, lr: [0.001], 56.67%, loss: 0.49484920501708984
2022-04-02 18:01:18,615 - [line:32] - INFO: epoch: 0, lr: [0.001], 58.33%, loss: 0.48153048753738403
2022-04-02 18:01:23,433 - [line:32] - INFO: epoch: 0, lr: [0.001], 60.00%, loss: 0.5085195302963257
2022-04-02 18:01:28,332 - [line:32] - INFO: epoch: 0, lr: [0.001], 61.67%, loss: 0.5037389993667603
2022-04-02 18:01:32,271 - [line:32] - INFO: epoch: 0, lr: [0.001], 63.33%, loss: 0.4500025510787964
2022-04-02 18:01:35,160 - [line:32] - INFO: epoch: 0, lr: [0.001], 65.00%, loss: 0.4497983455657959
2022-04-02 18:01:38,394 - [line:32] - INFO: epoch: 0, lr: [0.001], 66.67%, loss: 0.495552122592926
2022-04-02 18:01:44,362 - [line:32] - INFO: epoch: 0, lr: [0.001], 68.33%, loss: 0.536086916923523
2022-04-02 18:01:49,867 - [line:32] - INFO: epoch: 0, lr: [0.001], 70.00%, loss: 0.595251202583313
2022-04-02 18:01:57,133 - [line:32] - INFO: epoch: 0, lr: [0.001], 71.67%, loss: 0.3980243504047394
2022-04-02 18:02:02,586 - [line:32] - INFO: epoch: 0, lr: [0.001], 73.33%, loss: 0.3947683274745941
2022-04-02 18:02:07,050 - [line:32] - INFO: epoch: 0, lr: [0.001], 75.00%, loss: 0.38446328043937683
2022-04-02 18:02:12,132 - [line:32] - INFO: epoch: 0, lr: [0.001], 76.67%, loss: 0.3781088590621948
2022-04-02 18:02:16,264 - [line:32] - INFO: epoch: 0, lr: [0.001], 78.33%, loss: 0.46450746059417725
2022-04-02 18:02:20,680 - [line:32] - INFO: epoch: 0, lr: [0.001], 80.00%, loss: 0.36118999123573303
2022-04-02 18:02:26,447 - [line:32] - INFO: epoch: 0, lr: [0.001], 81.67%, loss: 0.3513140380382538
2022-04-02 18:02:32,923 - [line:32] - INFO: epoch: 0, lr: [0.001], 83.33%, loss: 0.34396031498908997
2022-04-02 18:02:39,490 - [line:32] - INFO: epoch: 0, lr: [0.001], 85.00%, loss: 0.48327767848968506
2022-04-02 18:02:44,821 - [line:32] - INFO: epoch: 0, lr: [0.001], 86.67%, loss: 0.4392053186893463
2022-04-02 18:02:49,347 - [line:32] - INFO: epoch: 0, lr: [0.001], 88.33%, loss: 0.5026463270187378
2022-04-02 18:02:55,004 - [line:32] - INFO: epoch: 0, lr: [0.001], 90.00%, loss: 0.45565077662467957
2022-04-02 18:02:59,447 - [line:32] - INFO: epoch: 0, lr: [0.001], 91.67%, loss: 0.3228050172328949
2022-04-02 18:03:04,431 - [line:32] - INFO: epoch: 0, lr: [0.001], 93.33%, loss: 0.430382639169693
2022-04-02 18:03:11,063 - [line:32] - INFO: epoch: 0, lr: [0.001], 95.00%, loss: 0.43901926279067993
2022-04-02 18:03:17,569 - [line:32] - INFO: epoch: 0, lr: [0.001], 96.67%, loss: 0.5588064193725586
2022-04-02 18:03:22,894 - [line:32] - INFO: epoch: 0, lr: [0.001], 98.33%, loss: 0.45220720767974854
2022-04-02 18:03:27,733 - [line:32] - INFO: epoch: 0, lr: [0.001], 100.00%, loss: 0.3229963779449463
2022-04-02 18:05:24,740 - [line:32] - INFO: epoch: 0 done
2022-04-02 18:05:24,740 - [line:32] - INFO: best train loss: 0.3228050172328949
2022-04-02 18:05:24,740 - [line:32] - INFO: validation loss: 0.3631583285533776
2022-04-02 18:05:24,740 - [line:32] - INFO: time usage in this epoch: 420.319628s
2022-04-02 18:05:24,740 - [line:32] - INFO: ##################################################
2022-04-02 18:05:24,740 - [line:32] - INFO:                                                   
2022-04-02 18:05:24,740 - [line:32] - INFO: epoch: 1
2022-04-02 18:05:26,114 - [line:32] - INFO: epoch: 1, lr: [0.001], 1.67%, loss: 0.42062297463417053
2022-04-02 18:05:31,027 - [line:32] - INFO: epoch: 1, lr: [0.001], 3.33%, loss: 0.30860039591789246
2022-04-02 18:05:37,589 - [line:32] - INFO: epoch: 1, lr: [0.001], 5.00%, loss: 0.3690119981765747
2022-04-02 18:05:43,207 - [line:32] - INFO: epoch: 1, lr: [0.001], 6.67%, loss: 0.3032987117767334
2022-04-02 18:05:47,624 - [line:32] - INFO: epoch: 1, lr: [0.001], 8.33%, loss: 0.2952133119106293
2022-04-02 18:05:53,233 - [line:32] - INFO: epoch: 1, lr: [0.001], 10.00%, loss: 0.2882164418697357
2022-04-02 18:05:59,295 - [line:32] - INFO: epoch: 1, lr: [0.001], 11.67%, loss: 0.3694431185722351
2022-04-02 18:06:05,700 - [line:32] - INFO: epoch: 1, lr: [0.001], 13.33%, loss: 0.403606653213501
2022-04-02 18:06:12,565 - [line:32] - INFO: epoch: 1, lr: [0.001], 15.00%, loss: 0.31305181980133057
2022-04-02 18:06:19,002 - [line:32] - INFO: epoch: 1, lr: [0.001], 16.67%, loss: 0.2744656801223755
2022-04-02 18:06:23,682 - [line:32] - INFO: epoch: 1, lr: [0.001], 18.33%, loss: 0.2690795063972473
2022-04-02 18:06:27,627 - [line:32] - INFO: epoch: 1, lr: [0.001], 20.00%, loss: 0.2632943391799927
2022-04-02 18:06:31,710 - [line:32] - INFO: epoch: 1, lr: [0.001], 21.67%, loss: 0.36576515436172485
2022-04-02 18:06:35,908 - [line:32] - INFO: epoch: 1, lr: [0.001], 23.33%, loss: 0.2571820318698883
2022-04-02 18:06:40,115 - [line:32] - INFO: epoch: 1, lr: [0.001], 25.00%, loss: 0.2530409097671509
2022-04-02 18:06:44,162 - [line:32] - INFO: epoch: 1, lr: [0.001], 26.67%, loss: 0.2493259757757187
2022-04-02 18:06:48,914 - [line:32] - INFO: epoch: 1, lr: [0.001], 28.33%, loss: 0.38447535037994385
2022-04-02 18:06:54,424 - [line:32] - INFO: epoch: 1, lr: [0.001], 30.00%, loss: 0.2415144145488739
2022-04-02 18:06:59,782 - [line:32] - INFO: epoch: 1, lr: [0.001], 31.67%, loss: 0.23568099737167358
2022-04-02 18:07:06,032 - [line:32] - INFO: epoch: 1, lr: [0.001], 33.33%, loss: 0.2357049584388733
2022-04-02 18:07:10,534 - [line:32] - INFO: epoch: 1, lr: [0.001], 35.00%, loss: 0.2324284464120865
2022-04-02 18:07:16,024 - [line:32] - INFO: epoch: 1, lr: [0.001], 36.67%, loss: 0.3966500461101532
2022-04-02 18:07:21,518 - [line:32] - INFO: epoch: 1, lr: [0.001], 38.33%, loss: 0.2275441437959671
2022-04-02 18:07:26,266 - [line:32] - INFO: epoch: 1, lr: [0.001], 40.00%, loss: 0.2251514494419098
2022-04-02 18:07:31,308 - [line:32] - INFO: epoch: 1, lr: [0.001], 41.67%, loss: 0.3641495406627655
2022-04-02 18:07:35,424 - [line:32] - INFO: epoch: 1, lr: [0.001], 43.33%, loss: 0.22105121612548828
2022-04-02 18:07:39,510 - [line:32] - INFO: epoch: 1, lr: [0.001], 45.00%, loss: 0.3785593807697296
2022-04-02 18:07:44,305 - [line:32] - INFO: epoch: 1, lr: [0.001], 46.67%, loss: 0.219077005982399
2022-04-02 18:07:50,291 - [line:32] - INFO: epoch: 1, lr: [0.001], 48.33%, loss: 0.35613784193992615
2022-04-02 18:07:54,811 - [line:32] - INFO: epoch: 1, lr: [0.001], 50.00%, loss: 0.21614979207515717
2022-04-02 18:08:00,195 - [line:32] - INFO: epoch: 1, lr: [0.001], 51.67%, loss: 0.21476571261882782
2022-04-02 18:08:05,564 - [line:32] - INFO: epoch: 1, lr: [0.001], 53.33%, loss: 0.30961450934410095
2022-04-02 18:08:09,721 - [line:32] - INFO: epoch: 1, lr: [0.001], 55.00%, loss: 0.21267452836036682
2022-04-02 18:08:14,257 - [line:32] - INFO: epoch: 1, lr: [0.001], 56.67%, loss: 0.21085873246192932
2022-04-02 18:08:19,497 - [line:32] - INFO: epoch: 1, lr: [0.001], 58.33%, loss: 0.20874600112438202
2022-04-02 18:08:24,362 - [line:32] - INFO: epoch: 1, lr: [0.001], 60.00%, loss: 0.3537391126155853
2022-04-02 18:08:29,292 - [line:32] - INFO: epoch: 1, lr: [0.001], 61.67%, loss: 0.3786316514015198
2022-04-02 18:08:33,240 - [line:32] - INFO: epoch: 1, lr: [0.001], 63.33%, loss: 0.20579983294010162
2022-04-02 18:08:36,147 - [line:32] - INFO: epoch: 1, lr: [0.001], 65.00%, loss: 0.20751774311065674
2022-04-02 18:08:39,471 - [line:32] - INFO: epoch: 1, lr: [0.001], 66.67%, loss: 0.37532487511634827
2022-04-02 18:08:45,435 - [line:32] - INFO: epoch: 1, lr: [0.001], 68.33%, loss: 0.41007137298583984
2022-04-02 18:08:50,980 - [line:32] - INFO: epoch: 1, lr: [0.001], 70.00%, loss: 0.2112462818622589
2022-04-02 18:08:58,249 - [line:32] - INFO: epoch: 1, lr: [0.001], 71.67%, loss: 0.19973696768283844
2022-04-02 18:09:03,728 - [line:32] - INFO: epoch: 1, lr: [0.001], 73.33%, loss: 0.19914570450782776
2022-04-02 18:09:08,216 - [line:32] - INFO: epoch: 1, lr: [0.001], 75.00%, loss: 0.19803333282470703
2022-04-02 18:09:13,340 - [line:32] - INFO: epoch: 1, lr: [0.001], 76.67%, loss: 0.1968577355146408
2022-04-02 18:09:17,472 - [line:32] - INFO: epoch: 1, lr: [0.001], 78.33%, loss: 0.39870020747184753
2022-04-02 18:09:21,947 - [line:32] - INFO: epoch: 1, lr: [0.001], 80.00%, loss: 0.19483701884746552
2022-04-02 18:09:27,738 - [line:32] - INFO: epoch: 1, lr: [0.001], 81.67%, loss: 0.19316354393959045
2022-04-02 18:09:34,292 - [line:32] - INFO: epoch: 1, lr: [0.001], 83.33%, loss: 0.19175505638122559
2022-04-02 18:09:40,853 - [line:32] - INFO: epoch: 1, lr: [0.001], 85.00%, loss: 0.4320060610771179
2022-04-02 18:09:46,203 - [line:32] - INFO: epoch: 1, lr: [0.001], 86.67%, loss: 0.3557575047016144
2022-04-02 18:09:50,757 - [line:32] - INFO: epoch: 1, lr: [0.001], 88.33%, loss: 0.3397919535636902
2022-04-02 18:09:56,405 - [line:32] - INFO: epoch: 1, lr: [0.001], 90.00%, loss: 0.4087359607219696
2022-04-02 18:10:00,880 - [line:32] - INFO: epoch: 1, lr: [0.001], 91.67%, loss: 0.18947938084602356
2022-04-02 18:10:05,889 - [line:32] - INFO: epoch: 1, lr: [0.001], 93.33%, loss: 0.38939279317855835
2022-04-02 18:10:12,499 - [line:32] - INFO: epoch: 1, lr: [0.001], 95.00%, loss: 0.36642172932624817
2022-04-02 18:10:19,091 - [line:32] - INFO: epoch: 1, lr: [0.001], 96.67%, loss: 0.4093935489654541
2022-04-02 18:10:24,409 - [line:32] - INFO: epoch: 1, lr: [0.001], 98.33%, loss: 0.4118192493915558
2022-04-02 18:10:29,275 - [line:32] - INFO: epoch: 1, lr: [0.001], 100.00%, loss: 0.18748214840888977
2022-04-02 18:12:28,644 - [line:32] - INFO: epoch: 1 done
2022-04-02 18:12:28,645 - [line:32] - INFO: best train loss: 0.18748214840888977
2022-04-02 18:12:28,645 - [line:32] - INFO: validation loss: 0.26384098019640323
2022-04-02 18:12:28,645 - [line:32] - INFO: time usage in this epoch: 423.902829s
2022-04-02 18:12:28,645 - [line:32] - INFO: ##################################################
2022-04-02 18:12:28,645 - [line:32] - INFO:                                                   
2022-04-02 18:12:28,645 - [line:32] - INFO: epoch: 2
2022-04-02 18:12:30,026 - [line:32] - INFO: epoch: 2, lr: [0.001], 1.67%, loss: 0.3558043837547302
2022-04-02 18:12:34,920 - [line:32] - INFO: epoch: 2, lr: [0.001], 3.33%, loss: 0.18629120290279388
2022-04-02 18:12:41,481 - [line:32] - INFO: epoch: 2, lr: [0.001], 5.00%, loss: 0.32139915227890015
2022-04-02 18:12:47,139 - [line:32] - INFO: epoch: 2, lr: [0.001], 6.67%, loss: 0.18643133342266083
2022-04-02 18:12:51,567 - [line:32] - INFO: epoch: 2, lr: [0.001], 8.33%, loss: 0.1853523701429367
2022-04-02 18:12:57,165 - [line:32] - INFO: epoch: 2, lr: [0.001], 10.00%, loss: 0.18486647307872772
2022-04-02 18:13:03,223 - [line:32] - INFO: epoch: 2, lr: [0.001], 11.67%, loss: 0.35675671696662903
2022-04-02 18:13:09,619 - [line:32] - INFO: epoch: 2, lr: [0.001], 13.33%, loss: 0.361089289188385
2022-04-02 18:13:16,493 - [line:32] - INFO: epoch: 2, lr: [0.001], 15.00%, loss: 0.18378783762454987
2022-04-02 18:13:22,879 - [line:32] - INFO: epoch: 2, lr: [0.001], 16.67%, loss: 0.18477435410022736
2022-04-02 18:13:27,538 - [line:32] - INFO: epoch: 2, lr: [0.001], 18.33%, loss: 0.18377552926540375
2022-04-02 18:13:31,448 - [line:32] - INFO: epoch: 2, lr: [0.001], 20.00%, loss: 0.18319149315357208
2022-04-02 18:13:35,502 - [line:32] - INFO: epoch: 2, lr: [0.001], 21.67%, loss: 0.33283987641334534
2022-04-02 18:13:39,674 - [line:32] - INFO: epoch: 2, lr: [0.001], 23.33%, loss: 0.18177589774131775
2022-04-02 18:13:43,839 - [line:32] - INFO: epoch: 2, lr: [0.001], 25.00%, loss: 0.1825757622718811
2022-04-02 18:13:47,857 - [line:32] - INFO: epoch: 2, lr: [0.001], 26.67%, loss: 0.18225905299186707
2022-04-02 18:13:52,634 - [line:32] - INFO: epoch: 2, lr: [0.001], 28.33%, loss: 0.3532143235206604
2022-04-02 18:13:58,080 - [line:32] - INFO: epoch: 2, lr: [0.001], 30.00%, loss: 0.17990778386592865
2022-04-02 18:14:03,588 - [line:32] - INFO: epoch: 2, lr: [0.001], 31.67%, loss: 0.17914019525051117
2022-04-02 18:14:09,832 - [line:32] - INFO: epoch: 2, lr: [0.001], 33.33%, loss: 0.1789955198764801
2022-04-02 18:14:14,315 - [line:32] - INFO: epoch: 2, lr: [0.001], 35.00%, loss: 0.1788540482521057
2022-04-02 18:14:19,811 - [line:32] - INFO: epoch: 2, lr: [0.001], 36.67%, loss: 0.348148375749588
2022-04-02 18:14:25,287 - [line:32] - INFO: epoch: 2, lr: [0.001], 38.33%, loss: 0.17754727602005005
2022-04-02 18:14:30,036 - [line:32] - INFO: epoch: 2, lr: [0.001], 40.00%, loss: 0.17623062431812286
2022-04-02 18:14:35,060 - [line:32] - INFO: epoch: 2, lr: [0.001], 41.67%, loss: 0.32661452889442444
2022-04-02 18:14:39,149 - [line:32] - INFO: epoch: 2, lr: [0.001], 43.33%, loss: 0.1759403944015503
2022-04-02 18:14:43,222 - [line:32] - INFO: epoch: 2, lr: [0.001], 45.00%, loss: 0.3370290994644165
2022-04-02 18:14:47,993 - [line:32] - INFO: epoch: 2, lr: [0.001], 46.67%, loss: 0.17512118816375732
2022-04-02 18:14:53,731 - [line:32] - INFO: epoch: 2, lr: [0.001], 48.33%, loss: 0.32045918703079224
2022-04-02 18:14:58,211 - [line:32] - INFO: epoch: 2, lr: [0.001], 50.00%, loss: 0.17545191943645477
2022-04-02 18:15:03,566 - [line:32] - INFO: epoch: 2, lr: [0.001], 51.67%, loss: 0.17446455359458923
2022-04-02 18:15:08,896 - [line:32] - INFO: epoch: 2, lr: [0.001], 53.33%, loss: 0.2731555700302124
2022-04-02 18:15:13,046 - [line:32] - INFO: epoch: 2, lr: [0.001], 55.00%, loss: 0.1750754415988922
2022-04-02 18:15:17,582 - [line:32] - INFO: epoch: 2, lr: [0.001], 56.67%, loss: 0.17538489401340485
2022-04-02 18:15:22,785 - [line:32] - INFO: epoch: 2, lr: [0.001], 58.33%, loss: 0.17469432950019836
2022-04-02 18:15:27,650 - [line:32] - INFO: epoch: 2, lr: [0.001], 60.00%, loss: 0.3077639937400818
2022-04-02 18:15:32,552 - [line:32] - INFO: epoch: 2, lr: [0.001], 61.67%, loss: 0.336700975894928
2022-04-02 18:15:36,473 - [line:32] - INFO: epoch: 2, lr: [0.001], 63.33%, loss: 0.17647777497768402
2022-04-02 18:15:39,357 - [line:32] - INFO: epoch: 2, lr: [0.001], 65.00%, loss: 0.17693789303302765
2022-04-02 18:15:42,652 - [line:32] - INFO: epoch: 2, lr: [0.001], 66.67%, loss: 0.32963550090789795
2022-04-02 18:15:48,542 - [line:32] - INFO: epoch: 2, lr: [0.001], 68.33%, loss: 0.34689345955848694
2022-04-02 18:15:54,100 - [line:32] - INFO: epoch: 2, lr: [0.001], 70.00%, loss: 0.1099381223320961
2022-04-02 18:16:01,363 - [line:32] - INFO: epoch: 2, lr: [0.001], 71.67%, loss: 0.1709722876548767
2022-04-02 18:16:06,829 - [line:32] - INFO: epoch: 2, lr: [0.001], 73.33%, loss: 0.17098817229270935
2022-04-02 18:16:11,436 - [line:32] - INFO: epoch: 2, lr: [0.001], 75.00%, loss: 0.16973976790905
2022-04-02 18:16:16,510 - [line:32] - INFO: epoch: 2, lr: [0.001], 76.67%, loss: 0.16941538453102112
2022-04-02 18:16:20,623 - [line:32] - INFO: epoch: 2, lr: [0.001], 78.33%, loss: 0.3547089993953705
2022-04-02 18:16:25,036 - [line:32] - INFO: epoch: 2, lr: [0.001], 80.00%, loss: 0.16817031800746918
2022-04-02 18:16:30,809 - [line:32] - INFO: epoch: 2, lr: [0.001], 81.67%, loss: 0.1682048887014389
2022-04-02 18:16:37,361 - [line:32] - INFO: epoch: 2, lr: [0.001], 83.33%, loss: 0.1674155741930008
2022-04-02 18:16:43,922 - [line:32] - INFO: epoch: 2, lr: [0.001], 85.00%, loss: 0.2528446316719055
2022-04-02 18:16:49,238 - [line:32] - INFO: epoch: 2, lr: [0.001], 86.67%, loss: 0.31104180216789246
